<?xml version="1.0" encoding="UTF-8"?>
<!-- Generated by org.testng.reporters.JUnitReportReporter -->
<testsuite hostname="iMac-Mikhail.local" failures="0" tests="2" name="tests.Test4" time="0.000" errors="0" timestamp="2022-01-28T11:09:40 MSK" skipped="0">
  <testcase classname="tests.Test4" name="action4_a" time="0.000"/>
  <system-out/>
  <testcase classname="tests.Test4" name="action4_b" time="0.000"/>
  <system-out/>
</testsuite> <!-- tests.Test4 -->
