<?xml version="1.0" encoding="UTF-8"?>
<!-- Generated by org.testng.reporters.JUnitReportReporter -->
<testsuite hostname="iMac-Mikhail.local" failures="0" tests="1" name="tests.Test3" time="0.002" errors="0" timestamp="2022-01-28T12:52:09 MSK" skipped="0">
  <testcase classname="tests.Test3" name="action3_b" time="0.002"/>
  <system-out/>
</testsuite> <!-- tests.Test3 -->
