<?xml version="1.0" encoding="UTF-8"?>
<!-- Generated by org.testng.reporters.JUnitReportReporter -->
<testsuite hostname="iMac-Mikhail.local" failures="0" tests="1" name="tests.Test1" time="0.000" errors="0" timestamp="2022-01-28T15:07:02 MSK" skipped="0">
  <testcase classname="tests.Test1" name="action1_a" time="0.000"/>
  <system-out/>
</testsuite> <!-- tests.Test1 -->
